# JRE version: OpenJDK Runtime Environment Temurin-17.0.11+9 (17.0.11+9) (build 17.0.11+9)
# Java VM: OpenJDK 64-Bit Server VM Temurin-17.0.11+9 (17.0.11+9, mixed mode, tiered, compressed oops, compressed class ptrs, g1 gc, windows-amd64)
GC Precious Log:
 CPUs: 16 total, 16 available
 Memory: 15630M
 Large Page Support: Disabled
 NUMA Support: Disabled
 Compressed Oops: Enabled (Zero based)
 Heap Region Size: 2M
 Heap Min Capacity: 8M
 Heap Initial Capacity: 246M
 Heap Max Capacity: 3908M
 Pre-touch: Disabled
 Parallel Workers: 13
 Concurrent Workers: 3
 Concurrent Refinement Workers: 13
 Periodic GC: Disabled
Heap:
 garbage-first heap   total 184320K, used 91102K [0x000000070bc00000, 0x0000000800000000)
  region size 2048K, 2 young (4096K), 2 survivors (4096K)
 Metaspace       used 65944K, committed 66880K, reserved 1114112K
  class space    used 7620K, committed 8064K, reserved 1048576K
GC Heap History (20 events):
Event: 5.726 GC heap after
{Heap after GC invocations=15 (full 0):
 garbage-first heap   total 116736K, used 59215K [0x000000070bc00000, 0x0000000800000000)
  region size 2048K, 3 young (6144K), 3 survivors (6144K)
 Metaspace       used 64610K, committed 65536K, reserved 1114112K
  class space    used 7425K, committed 7872K, reserved 1048576K
}
Event: 5.746 GC heap before
{Heap before GC invocations=16 (full 0):
 garbage-first heap   total 116736K, used 65359K [0x000000070bc00000, 0x0000000800000000)
  region size 2048K, 5 young (10240K), 3 survivors (6144K)
 Metaspace       used 64611K, committed 65536K, reserved 1114112K
  class space    used 7425K, committed 7872K, reserved 1048576K
}
Event: 5.748 GC heap after
{Heap after GC invocations=17 (full 0):
 garbage-first heap   total 116736K, used 64451K [0x000000070bc00000, 0x0000000800000000)
  region size 2048K, 1 young (2048K), 1 survivors (2048K)
 Metaspace       used 64611K, committed 65536K, reserved 1114112K
  class space    used 7425K, committed 7872K, reserved 1048576K
}
Event: 5.770 GC heap before
{Heap before GC invocations=18 (full 0):
 garbage-first heap   total 122880K, used 70595K [0x000000070bc00000, 0x0000000800000000)
  region size 2048K, 3 young (6144K), 1 survivors (2048K)
 Metaspace       used 64695K, committed 65664K, reserved 1114112K
  class space    used 7432K, committed 7872K, reserved 1048576K
}
Event: 5.771 GC heap after
{Heap after GC invocations=19 (full 0):
 garbage-first heap   total 122880K, used 68950K [0x000000070bc00000, 0x0000000800000000)
  region size 2048K, 1 young (2048K), 1 survivors (2048K)
 Metaspace       used 64695K, committed 65664K, reserved 1114112K
  class space    used 7432K, committed 7872K, reserved 1048576K
}
Event: 5.792 GC heap before
{Heap before GC invocations=20 (full 0):
 garbage-first heap   total 137216K, used 77142K [0x000000070bc00000, 0x0000000800000000)
  region size 2048K, 4 young (8192K), 1 survivors (2048K)
 Metaspace       used 64705K, committed 65664K, reserved 1114112K
  class space    used 7432K, committed 7872K, reserved 1048576K
}
Event: 5.793 GC heap after
{Heap after GC invocations=21 (full 0):
 garbage-first heap   total 137216K, used 72965K [0x000000070bc00000, 0x0000000800000000)
  region size 2048K, 1 young (2048K), 1 survivors (2048K)
 Metaspace       used 64705K, committed 65664K, reserved 1114112K
  class space    used 7432K, committed 7872K, reserved 1048576K
}
Event: 5.813 GC heap before
{Heap before GC invocations=22 (full 0):
 garbage-first heap   total 151552K, used 87301K [0x000000070bc00000, 0x0000000800000000)
  region size 2048K, 8 young (16384K), 1 survivors (2048K)
 Metaspace       used 64706K, committed 65664K, reserved 1114112K
  class space    used 7432K, committed 7872K, reserved 1048576K
}
Event: 5.815 GC heap after
{Heap after GC invocations=23 (full 0):
 garbage-first heap   total 182272K, used 77561K [0x000000070bc00000, 0x0000000800000000)
  region size 2048K, 1 young (2048K), 1 survivors (2048K)
 Metaspace       used 64706K, committed 65664K, reserved 1114112K
  class space    used 7432K, committed 7872K, reserved 1048576K
}
Event: 5.832 GC heap before
{Heap before GC invocations=23 (full 0):
 garbage-first heap   total 182272K, used 95993K [0x000000070bc00000, 0x0000000800000000)
  region size 2048K, 10 young (20480K), 1 survivors (2048K)
 Metaspace       used 64707K, committed 65664K, reserved 1114112K
  class space    used 7432K, committed 7872K, reserved 1048576K
}
Event: 5.833 GC heap after
{Heap after GC invocations=24 (full 0):
 garbage-first heap   total 182272K, used 81660K [0x000000070bc00000, 0x0000000800000000)
  region size 2048K, 1 young (2048K), 1 survivors (2048K)
 Metaspace       used 64707K, committed 65664K, reserved 1114112K
  class space    used 7432K, committed 7872K, reserved 1048576K
}
Event: 5.848 GC heap before
{Heap before GC invocations=24 (full 0):
 garbage-first heap   total 182272K, used 102140K [0x000000070bc00000, 0x0000000800000000)
  region size 2048K, 11 young (22528K), 1 survivors (2048K)
 Metaspace       used 64707K, committed 65664K, reserved 1114112K
  class space    used 7432K, committed 7872K, reserved 1048576K
}
Event: 5.849 GC heap after
{Heap after GC invocations=25 (full 0):
 garbage-first heap   total 182272K, used 85244K [0x000000070bc00000, 0x0000000800000000)
  region size 2048K, 1 young (2048K), 1 survivors (2048K)
 Metaspace       used 64707K, committed 65664K, reserved 1114112K
  class space    used 7432K, committed 7872K, reserved 1048576K
}
Event: 5.910 GC heap before
{Heap before GC invocations=26 (full 0):
 garbage-first heap   total 182272K, used 154876K [0x000000070bc00000, 0x0000000800000000)
  region size 2048K, 34 young (69632K), 1 survivors (2048K)
 Metaspace       used 64828K, committed 65792K, reserved 1114112K
  class space    used 7450K, committed 7872K, reserved 1048576K
}
Event: 5.911 GC heap after
{Heap after GC invocations=27 (full 0):
 garbage-first heap   total 182272K, used 89624K [0x000000070bc00000, 0x0000000800000000)
  region size 2048K, 1 young (2048K), 1 survivors (2048K)
 Metaspace       used 64828K, committed 65792K, reserved 1114112K
  class space    used 7450K, committed 7872K, reserved 1048576K
}
Event: 5.958 GC heap before
{Heap before GC invocations=27 (full 0):
 garbage-first heap   total 182272K, used 153112K [0x000000070bc00000, 0x0000000800000000)
  region size 2048K, 33 young (67584K), 1 survivors (2048K)
 Metaspace       used 65080K, committed 65920K, reserved 1114112K
  class space    used 7477K, committed 7872K, reserved 1048576K
}
Event: 5.959 GC heap after
{Heap after GC invocations=28 (full 0):
 garbage-first heap   total 182272K, used 89787K [0x000000070bc00000, 0x0000000800000000)
  region size 2048K, 1 young (2048K), 1 survivors (2048K)
 Metaspace       used 65080K, committed 65920K, reserved 1114112K
  class space    used 7477K, committed 7872K, reserved 1048576K
}
Event: 6.007 GC heap before
{Heap before GC invocations=29 (full 0):
 garbage-first heap   total 184320K, used 153275K [0x000000070bc00000, 0x0000000800000000)
  region size 2048K, 33 young (67584K), 1 survivors (2048K)
 Metaspace       used 65116K, committed 65984K, reserved 1114112K
  class space    used 7478K, committed 7872K, reserved 1048576K
}
Event: 6.007 GC heap after
{Heap after GC invocations=30 (full 0):
 garbage-first heap   total 184320K, used 89825K [0x000000070bc00000, 0x0000000800000000)
  region size 2048K, 1 young (2048K), 1 survivors (2048K)
 Metaspace       used 65116K, committed 65984K, reserved 1114112K
  class space    used 7478K, committed 7872K, reserved 1048576K
}
Event: 6.067 GC heap before
{Heap before GC invocations=30 (full 0):
 garbage-first heap   total 184320K, used 157409K [0x000000070bc00000, 0x0000000800000000)
  region size 2048K, 35 young (71680K), 1 survivors (2048K)
 Metaspace       used 65944K, committed 66880K, reserved 1114112K
  class space    used 7620K, committed 8064K, reserved 1048576K
}

